2024-06-19 11:32:03 [smms-logs] [32minfo[39m: Server is now listening at port 3000
2024-06-19 11:33:18 [smms-logs] [32minfo[39m: Users retrieved successfully
2024-06-19 11:33:18 [smms-logs] [32minfo[39m: Users retrieved successfully
2024-06-19 11:33:25 [smms-logs] [32minfo[39m: User deleted: {"brand":"j","model":"Model_X","year":2001,"id":26}
2024-06-19 11:33:25 [smms-logs] [32minfo[39m: Users retrieved successfully
2024-06-19 11:37:52 [smms-logs] [32minfo[39m: User deleted: {"brand":"Brand_E","model":"Model_Y","year":2021,"id":8}
2024-06-19 11:37:52 [smms-logs] [32minfo[39m: Users retrieved successfully
2024-06-19 11:37:55 [smms-logs] [32minfo[39m: User deleted: {"brand":"Brand_C","model":"Model_Y","year":2006,"id":11}
2024-06-19 11:37:55 [smms-logs] [32minfo[39m: Users retrieved successfully
2024-06-19 11:38:15 [smms-logs] [32minfo[39m: User deleted: {"brand":"Brand_D","model":"Model_X","year":2005,"id":50}
2024-06-19 11:38:15 [smms-logs] [32minfo[39m: Users retrieved successfully
2024-06-19 11:38:16 [smms-logs] [32minfo[39m: User deleted: {"brand":"Brand_D","model":"Model_Z","year":2011,"id":33}
2024-06-19 11:38:16 [smms-logs] [32minfo[39m: Users retrieved successfully
2024-06-19 11:38:19 [smms-logs] [32minfo[39m: User deleted: {"brand":"Brand_B","model":"Model_Z","year":2017,"id":41}
2024-06-19 11:38:19 [smms-logs] [32minfo[39m: Users retrieved successfully
2024-06-19 11:38:21 [smms-logs] [32minfo[39m: User deleted: {"brand":"Brand_A","model":"Model_Y","year":2022,"id":20}
2024-06-19 11:38:21 [smms-logs] [32minfo[39m: Users retrieved successfully
2024-06-19 11:38:26 [smms-logs] [32minfo[39m: User deleted: {"brand":"nnn","model":"bji","year":678,"id":67}
2024-06-19 11:38:26 [smms-logs] [32minfo[39m: Users retrieved successfully
2024-06-19 11:38:50 [smms-logs] [32minfo[39m: User created: {"brand":"hyundai","model":"creta","year":1019,"id":111}
2024-06-19 11:39:09 [smms-logs] [32minfo[39m: User created: {"brand":"maruti","model":"800","year":2000,"id":222}
2024-06-19 11:39:28 [smms-logs] [32minfo[39m: User created: {"brand":"morris","model":"garage","year":2802,"id":43}
2024-06-19 11:39:42 [smms-logs] [32minfo[39m: User created: {"brand":"tata","model":"punch","year":2029,"id":88}
2024-06-19 11:41:01 [smms-logs] [32minfo[39m: Users retrieved successfully
2024-06-19 11:41:01 [smms-logs] [32minfo[39m: Users retrieved successfully
